<?xml version="1.0" encoding="UTF-8"?>
<!-- Generated by org.testng.reporters.JUnitReportReporter -->
<testsuite hostname="apatty-laptop" name="com.patomalo.app.AppTest" tests="3" failures="0" timestamp="16 Feb 2016 21:04:26 GMT" time="1.811" errors="0">
  <testcase name="getThings" time="0.292" classname="com.patomalo.app.AppTest"/>
  <testcase name="deleteThing" time="0.492" classname="com.patomalo.app.AppTest"/>
  <testcase name="putThings" time="1.027" classname="com.patomalo.app.AppTest"/>
</testsuite> <!-- com.patomalo.app.AppTest -->
