<?xml version="1.0" encoding="UTF-8"?>
<!-- Generated by org.testng.reporters.JUnitReportReporter -->
<testsuite hostname="apatty-laptop" name="com.patomalo.app.AppTest" tests="1" failures="0" timestamp="23 Feb 2016 07:05:31 GMT" time="6.661" errors="0">
  <testcase name="getThings" time="6.661" classname="com.patomalo.app.AppTest"/>
</testsuite> <!-- com.patomalo.app.AppTest -->
